<?xml version="1.0" encoding="UTF-8"?>
<testsuite name="agreement.rest.mvc.UserControllerTest" time="1.224" tests="3" errors="0" skipped="0" failures="1">
  <properties>
[...]
</properties>
  <testcase name="createUserWithSuccess" classname="agreement.rest.mvc.UserControllerTest" time="1.016">
    <failure message="Status expected:&lt;200&gt; but was:&lt;400&gt;" type="java.lang.AssertionError"><![CDATA[java.lang.AssertionError: Status expected:<200> but was:<400>
	at org.springframework.test.util.AssertionErrors.fail(AssertionErrors.java:54)
	at org.springframework.test.util.AssertionErrors.assertEquals(AssertionErrors.java:81)
	at org.springframework.test.web.servlet.result.StatusResultMatchers$10.match(StatusResultMatchers.java:664)
	at org.springframework.test.web.servlet.MockMvc$1.andExpect(MockMvc.java:171)
	at agreement.rest.mvc.UserControllerTest.createUserWithSuccess(UserControllerTest.java:75)
]]></failure>
    <system-out><![CDATA[22:51:41.275 [main] DEBUG org.springframework.core.env.StandardEnvironment - Adding [systemProperties] PropertySource with lowest search precedence
22:51:41.278 [main] DEBUG org.springframework.core.env.StandardEnvironment - Adding [systemEnvironment] PropertySource with lowest search precedence
22:51:41.278 [main] DEBUG org.springframework.core.env.StandardEnvironment - Initialized StandardEnvironment with PropertySources [systemProperties,systemEnvironment]
22:51:41.458 [main] DEBUG org.springframework.test.web.servlet.setup.StandaloneMockMvcBuilder$StaticRequestMappingHandlerMapping - Looking for request mappings in application context: org.springframework.test.web.servlet.setup.StubWebApplicationContext@57d5872c
22:51:41.480 [main] DEBUG org.springframework.test.web.servlet.setup.StandaloneMockMvcBuilder$StaticRequestMappingHandlerMapping - 5 request handler methods found on class agreement.rest.mvc.UserController: {public org.springframework.http.ResponseEntity agreement.rest.mvc.UserController.deleteUser(java.lang.Long)={[/rest/user/{userId}],methods=[DELETE],produces=[application/json]}, public org.springframework.http.ResponseEntity agreement.rest.mvc.UserController.updateUser(agreement.core.dto.UserDTO)={[/rest/user],methods=[PUT]}, public org.springframework.http.ResponseEntity agreement.rest.mvc.UserController.createUser(agreement.core.dto.UserDTO)={[/rest/user],methods=[POST],produces=[application/json]}, public org.springframework.http.ResponseEntity agreement.rest.mvc.UserController.getUser(java.lang.Long)={[/rest/user/{userId}],methods=[GET],produces=[application/json]}, public org.springframework.http.ResponseEntity agreement.rest.mvc.UserController.getUsers()={[/rest/user],methods=[GET],produces=[application/json]}}
22:51:41.495 [main] INFO org.springframework.test.web.servlet.setup.StandaloneMockMvcBuilder$StaticRequestMappingHandlerMapping - Mapped "{[/rest/user/{userId}],methods=[DELETE],produces=[application/json]}" onto public org.springframework.http.ResponseEntity agreement.rest.mvc.UserController.deleteUser(java.lang.Long)
22:51:41.495 [main] INFO org.springframework.test.web.servlet.setup.StandaloneMockMvcBuilder$StaticRequestMappingHandlerMapping - Mapped "{[/rest/user],methods=[PUT]}" onto public org.springframework.http.ResponseEntity<agreement.core.dto.UserDTO> agreement.rest.mvc.UserController.updateUser(agreement.core.dto.UserDTO)
22:51:41.495 [main] INFO org.springframework.test.web.servlet.setup.StandaloneMockMvcBuilder$StaticRequestMappingHandlerMapping - Mapped "{[/rest/user],methods=[POST],produces=[application/json]}" onto public org.springframework.http.ResponseEntity<agreement.core.dto.UserDTO> agreement.rest.mvc.UserController.createUser(agreement.core.dto.UserDTO)
22:51:41.495 [main] INFO org.springframework.test.web.servlet.setup.StandaloneMockMvcBuilder$StaticRequestMappingHandlerMapping - Mapped "{[/rest/user/{userId}],methods=[GET],produces=[application/json]}" onto public org.springframework.http.ResponseEntity<agreement.core.dto.UserDTO> agreement.rest.mvc.UserController.getUser(java.lang.Long)
22:51:41.495 [main] INFO org.springframework.test.web.servlet.setup.StandaloneMockMvcBuilder$StaticRequestMappingHandlerMapping - Mapped "{[/rest/user],methods=[GET],produces=[application/json]}" onto public org.springframework.http.ResponseEntity<java.util.List<agreement.core.dto.UserDTO>> agreement.rest.mvc.UserController.getUsers()
22:51:41.801 [main] DEBUG org.jboss.logging - Logging Provider: org.jboss.logging.Slf4jLoggerProvider
22:51:41.801 [main] INFO org.hibernate.validator.internal.util.Version - HV000001: Hibernate Validator 5.3.4.Final
22:51:41.832 [main] DEBUG org.hibernate.validator.internal.engine.resolver.DefaultTraversableResolver - Found javax.persistence.Persistence on classpath containing 'getPersistenceUtil'. Assuming JPA 2 environment. Trying to instantiate JPA aware TraversableResolver
22:51:41.832 [main] DEBUG org.hibernate.validator.internal.engine.resolver.DefaultTraversableResolver - Instantiated JPA aware TraversableResolver of type org.hibernate.validator.internal.engine.resolver.JPATraversableResolver.
22:51:41.852 [main] DEBUG org.hibernate.validator.internal.engine.ConfigurationImpl - Setting custom MessageInterpolator of type org.springframework.validation.beanvalidation.LocaleContextMessageInterpolator
22:51:41.852 [main] DEBUG org.hibernate.validator.internal.engine.ConfigurationImpl - Setting custom ParameterNameProvider of type com.sun.proxy.$Proxy19
22:51:41.852 [main] DEBUG org.hibernate.validator.internal.xml.ValidationXmlParser - Trying to load META-INF/validation.xml for XML based Validator configuration.
22:51:41.852 [main] DEBUG org.hibernate.validator.internal.xml.ResourceLoaderHelper - Trying to load META-INF/validation.xml via TCCL
22:51:41.852 [main] DEBUG org.hibernate.validator.internal.xml.ResourceLoaderHelper - Trying to load META-INF/validation.xml via Hibernate Validator's class loader
22:51:41.852 [main] DEBUG org.hibernate.validator.internal.xml.ValidationXmlParser - No META-INF/validation.xml found. Using annotation based configuration only.
22:51:41.908 [main] INFO org.springframework.web.servlet.mvc.method.annotation.RequestMappingHandlerAdapter - Looking for @ControllerAdvice: org.springframework.test.web.servlet.setup.StubWebApplicationContext@57d5872c
22:51:41.959 [main] DEBUG org.springframework.web.servlet.mvc.method.annotation.ExceptionHandlerExceptionResolver - Looking for exception mappings: org.springframework.test.web.servlet.setup.StubWebApplicationContext@57d5872c
22:51:41.964 [main] DEBUG org.springframework.test.web.servlet.TestDispatcherServlet - Initializing servlet ''
22:51:41.980 [main] DEBUG org.springframework.web.context.support.StandardServletEnvironment - Adding [servletConfigInitParams] PropertySource with lowest search precedence
22:51:41.980 [main] DEBUG org.springframework.web.context.support.StandardServletEnvironment - Adding [servletContextInitParams] PropertySource with lowest search precedence
22:51:41.980 [main] DEBUG org.springframework.web.context.support.StandardServletEnvironment - Adding [systemProperties] PropertySource with lowest search precedence
22:51:41.980 [main] DEBUG org.springframework.web.context.support.StandardServletEnvironment - Adding [systemEnvironment] PropertySource with lowest search precedence
22:51:41.980 [main] DEBUG org.springframework.web.context.support.StandardServletEnvironment - Initialized StandardServletEnvironment with PropertySources [servletConfigInitParams,servletContextInitParams,systemProperties,systemEnvironment]
22:51:41.980 [main] INFO org.springframework.mock.web.MockServletContext - Initializing Spring FrameworkServlet ''
22:51:41.980 [main] INFO org.springframework.test.web.servlet.TestDispatcherServlet - FrameworkServlet '': initialization started
22:51:41.980 [main] DEBUG org.springframework.test.web.servlet.TestDispatcherServlet - Unable to locate MultipartResolver with name 'multipartResolver': no multipart request handling provided
22:51:41.980 [main] DEBUG org.springframework.test.web.servlet.TestDispatcherServlet - Using LocaleResolver [org.springframework.web.servlet.i18n.AcceptHeaderLocaleResolver@403f0a22]
22:51:41.980 [main] DEBUG org.springframework.test.web.servlet.TestDispatcherServlet - Using ThemeResolver [org.springframework.web.servlet.theme.FixedThemeResolver@503ecb24]
22:51:41.980 [main] DEBUG org.springframework.test.web.servlet.TestDispatcherServlet - Using RequestToViewNameTranslator [org.springframework.web.servlet.view.DefaultRequestToViewNameTranslator@4c51cf28]
22:51:41.980 [main] DEBUG org.springframework.test.web.servlet.TestDispatcherServlet - Using FlashMapManager [org.springframework.web.servlet.support.SessionFlashMapManager@6995bf68]
22:51:41.980 [main] DEBUG org.springframework.test.web.servlet.TestDispatcherServlet - Published WebApplicationContext of servlet '' as ServletContext attribute with name [org.springframework.web.servlet.FrameworkServlet.CONTEXT.]
22:51:41.980 [main] INFO org.springframework.test.web.servlet.TestDispatcherServlet - FrameworkServlet '': initialization completed in 0 ms
22:51:41.980 [main] DEBUG org.springframework.test.web.servlet.TestDispatcherServlet - Servlet '' configured successfully
22:51:42.011 [main] DEBUG org.springframework.test.web.servlet.TestDispatcherServlet - DispatcherServlet with name '' processing POST request for [/rest/user]
22:51:42.011 [main] DEBUG org.springframework.test.web.servlet.setup.StandaloneMockMvcBuilder$StaticRequestMappingHandlerMapping - Looking up handler method for path /rest/user
22:51:42.011 [main] DEBUG org.springframework.test.web.servlet.setup.StandaloneMockMvcBuilder$StaticRequestMappingHandlerMapping - Returning handler method [public org.springframework.http.ResponseEntity<agreement.core.dto.UserDTO> agreement.rest.mvc.UserController.createUser(agreement.core.dto.UserDTO)]
22:51:42.066 [main] DEBUG org.springframework.web.servlet.mvc.method.annotation.RequestResponseBodyMethodProcessor - Read [class agreement.core.dto.UserDTO] as "application/json;charset=UTF-8" with [org.springframework.http.converter.json.MappingJackson2HttpMessageConverter@40dff0b7]
22:51:42.168 [main] DEBUG org.hibernate.validator.resourceloading.PlatformResourceBundleLocator - ValidationMessages not found.
22:51:42.168 [main] DEBUG org.hibernate.validator.resourceloading.PlatformResourceBundleLocator - ContributorValidationMessages not found.
22:51:42.183 [main] DEBUG org.hibernate.validator.resourceloading.PlatformResourceBundleLocator - org.hibernate.validator.ValidationMessages found.
22:51:42.183 [main] DEBUG org.hibernate.validator.resourceloading.PlatformResourceBundleLocator - ValidationMessages not found.
22:51:42.183 [main] DEBUG org.hibernate.validator.resourceloading.PlatformResourceBundleLocator - ContributorValidationMessages not found.
22:51:42.183 [main] DEBUG org.hibernate.validator.resourceloading.PlatformResourceBundleLocator - org.hibernate.validator.ValidationMessages found.
22:51:42.199 [main] DEBUG org.springframework.web.servlet.mvc.method.annotation.ServletInvocableHandlerMethod - Failed to resolve argument 0 of type 'agreement.core.dto.UserDTO'
org.springframework.web.bind.MethodArgumentNotValidException: Validation failed for argument at index 0 in method: public org.springframework.http.ResponseEntity<agreement.core.dto.UserDTO> agreement.rest.mvc.UserController.createUser(agreement.core.dto.UserDTO), with 2 error(s): [Field error in object 'userDTO' on field 'password': rejected value [dolllas]; codes [Length.userDTO.password,Length.password,Length.java.lang.String,Length]; arguments [org.springframework.context.support.DefaultMessageSourceResolvable: codes [userDTO.password,password]; arguments []; default message [password],30,8]; default message [Password - not correct long of login]] [Field error in object 'userDTO' on field 'login': rejected value [Franco]; codes [Length.userDTO.login,Length.login,Length.java.lang.String,Length]; arguments [org.springframework.context.support.DefaultMessageSourceResolvable: codes [userDTO.login,login]; arguments []; default message [login],30,8]; default message [Login - not correct long of login]] 
	at org.springframework.web.servlet.mvc.method.annotation.RequestResponseBodyMethodProcessor.resolveArgument(RequestResponseBodyMethodProcessor.java:135)
	at org.springframework.web.method.support.HandlerMethodArgumentResolverComposite.resolveArgument(HandlerMethodArgumentResolverComposite.java:121)
	at org.springframework.web.method.support.InvocableHandlerMethod.getMethodArgumentValues(InvocableHandlerMethod.java:158)
	at org.springframework.web.method.support.InvocableHandlerMethod.invokeForRequest(InvocableHandlerMethod.java:128)
	at org.springframework.web.servlet.mvc.method.annotation.ServletInvocableHandlerMethod.invokeAndHandle(ServletInvocableHandlerMethod.java:116)
	at org.springframework.web.servlet.mvc.method.annotation.RequestMappingHandlerAdapter.invokeHandlerMethod(RequestMappingHandlerAdapter.java:827)
	at org.springframework.web.servlet.mvc.method.annotation.RequestMappingHandlerAdapter.handleInternal(RequestMappingHandlerAdapter.java:738)
	at org.springframework.web.servlet.mvc.method.AbstractHandlerMethodAdapter.handle(AbstractHandlerMethodAdapter.java:85)
	at org.springframework.web.servlet.DispatcherServlet.doDispatch(DispatcherServlet.java:963)
	at org.springframework.web.servlet.DispatcherServlet.doService(DispatcherServlet.java:897)
	at org.springframework.web.servlet.FrameworkServlet.processRequest(FrameworkServlet.java:970)
	at org.springframework.web.servlet.FrameworkServlet.doPost(FrameworkServlet.java:872)
	at javax.servlet.http.HttpServlet.service(HttpServlet.java:648)
	at org.springframework.web.servlet.FrameworkServlet.service(FrameworkServlet.java:846)
	at org.springframework.test.web.servlet.TestDispatcherServlet.service(TestDispatcherServlet.java:65)
	at javax.servlet.http.HttpServlet.service(HttpServlet.java:729)
	at org.springframework.mock.web.MockFilterChain$ServletFilterProxy.doFilter(MockFilterChain.java:167)
	at org.springframework.mock.web.MockFilterChain.doFilter(MockFilterChain.java:134)
	at org.springframework.test.web.servlet.MockMvc.perform(MockMvc.java:155)
	at agreement.rest.mvc.UserControllerTest.createUserWithSuccess(UserControllerTest.java:72)
	at sun.reflect.NativeMethodAccessorImpl.invoke0(Native Method)
	at sun.reflect.NativeMethodAccessorImpl.invoke(NativeMethodAccessorImpl.java:62)
	at sun.reflect.DelegatingMethodAccessorImpl.invoke(DelegatingMethodAccessorImpl.java:43)
	at java.lang.reflect.Method.invoke(Method.java:497)
	at org.junit.runners.model.FrameworkMethod$1.runReflectiveCall(FrameworkMethod.java:50)
	at org.junit.internal.runners.model.ReflectiveCallable.run(ReflectiveCallable.java:12)
	at org.junit.runners.model.FrameworkMethod.invokeExplosively(FrameworkMethod.java:47)
	at org.junit.internal.runners.statements.InvokeMethod.evaluate(InvokeMethod.java:17)
	at org.junit.internal.runners.statements.RunBefores.evaluate(RunBefores.java:26)
	at org.junit.runners.ParentRunner.runLeaf(ParentRunner.java:325)
	at org.junit.runners.BlockJUnit4ClassRunner.runChild(BlockJUnit4ClassRunner.java:78)
	at org.junit.runners.BlockJUnit4ClassRunner.runChild(BlockJUnit4ClassRunner.java:57)
	at org.junit.runners.ParentRunner$3.run(ParentRunner.java:290)
	at org.junit.runners.ParentRunner$1.schedule(ParentRunner.java:71)
	at org.junit.runners.ParentRunner.runChildren(ParentRunner.java:288)
	at org.junit.runners.ParentRunner.access$000(ParentRunner.java:58)
	at org.junit.runners.ParentRunner$2.evaluate(ParentRunner.java:268)
	at org.junit.runners.ParentRunner.run(ParentRunner.java:363)
	at org.apache.maven.surefire.junit4.JUnit4Provider.execute(JUnit4Provider.java:283)
	at org.apache.maven.surefire.junit4.JUnit4Provider.executeWithRerun(JUnit4Provider.java:173)
	at org.apache.maven.surefire.junit4.JUnit4Provider.executeTestSet(JUnit4Provider.java:153)
	at org.apache.maven.surefire.junit4.JUnit4Provider.invoke(JUnit4Provider.java:128)
	at org.apache.maven.surefire.booter.ForkedBooter.invokeProviderInSameClassLoader(ForkedBooter.java:203)
	at org.apache.maven.surefire.booter.ForkedBooter.runSuitesInProcess(ForkedBooter.java:155)
	at org.apache.maven.surefire.booter.ForkedBooter.main(ForkedBooter.java:103)
22:51:42.199 [main] DEBUG org.springframework.web.servlet.mvc.method.annotation.ExceptionHandlerExceptionResolver - Resolving exception from handler [public org.springframework.http.ResponseEntity<agreement.core.dto.UserDTO> agreement.rest.mvc.UserController.createUser(agreement.core.dto.UserDTO)]: org.springframework.web.bind.MethodArgumentNotValidException: Validation failed for argument at index 0 in method: public org.springframework.http.ResponseEntity<agreement.core.dto.UserDTO> agreement.rest.mvc.UserController.createUser(agreement.core.dto.UserDTO), with 2 error(s): [Field error in object 'userDTO' on field 'password': rejected value [dolllas]; codes [Length.userDTO.password,Length.password,Length.java.lang.String,Length]; arguments [org.springframework.context.support.DefaultMessageSourceResolvable: codes [userDTO.password,password]; arguments []; default message [password],30,8]; default message [Password - not correct long of login]] [Field error in object 'userDTO' on field 'login': rejected value [Franco]; codes [Length.userDTO.login,Length.login,Length.java.lang.String,Length]; arguments [org.springframework.context.support.DefaultMessageSourceResolvable: codes [userDTO.login,login]; arguments []; default message [login],30,8]; default message [Login - not correct long of login]] 
22:51:42.199 [main] DEBUG org.springframework.web.servlet.mvc.annotation.ResponseStatusExceptionResolver - Resolving exception from handler [public org.springframework.http.ResponseEntity<agreement.core.dto.UserDTO> agreement.rest.mvc.UserController.createUser(agreement.core.dto.UserDTO)]: org.springframework.web.bind.MethodArgumentNotValidException: Validation failed for argument at index 0 in method: public org.springframework.http.ResponseEntity<agreement.core.dto.UserDTO> agreement.rest.mvc.UserController.createUser(agreement.core.dto.UserDTO), with 2 error(s): [Field error in object 'userDTO' on field 'password': rejected value [dolllas]; codes [Length.userDTO.password,Length.password,Length.java.lang.String,Length]; arguments [org.springframework.context.support.DefaultMessageSourceResolvable: codes [userDTO.password,password]; arguments []; default message [password],30,8]; default message [Password - not correct long of login]] [Field error in object 'userDTO' on field 'login': rejected value [Franco]; codes [Length.userDTO.login,Length.login,Length.java.lang.String,Length]; arguments [org.springframework.context.support.DefaultMessageSourceResolvable: codes [userDTO.login,login]; arguments []; default message [login],30,8]; default message [Login - not correct long of login]] 
22:51:42.199 [main] DEBUG org.springframework.web.servlet.mvc.support.DefaultHandlerExceptionResolver - Resolving exception from handler [public org.springframework.http.ResponseEntity<agreement.core.dto.UserDTO> agreement.rest.mvc.UserController.createUser(agreement.core.dto.UserDTO)]: org.springframework.web.bind.MethodArgumentNotValidException: Validation failed for argument at index 0 in method: public org.springframework.http.ResponseEntity<agreement.core.dto.UserDTO> agreement.rest.mvc.UserController.createUser(agreement.core.dto.UserDTO), with 2 error(s): [Field error in object 'userDTO' on field 'password': rejected value [dolllas]; codes [Length.userDTO.password,Length.password,Length.java.lang.String,Length]; arguments [org.springframework.context.support.DefaultMessageSourceResolvable: codes [userDTO.password,password]; arguments []; default message [password],30,8]; default message [Password - not correct long of login]] [Field error in object 'userDTO' on field 'login': rejected value [Franco]; codes [Length.userDTO.login,Length.login,Length.java.lang.String,Length]; arguments [org.springframework.context.support.DefaultMessageSourceResolvable: codes [userDTO.login,login]; arguments []; default message [login],30,8]; default message [Login - not correct long of login]] 
22:51:42.199 [main] DEBUG org.springframework.test.web.servlet.TestDispatcherServlet - Null ModelAndView returned to DispatcherServlet with name '': assuming HandlerAdapter completed request handling
22:51:42.199 [main] DEBUG org.springframework.test.web.servlet.TestDispatcherServlet - Successfully completed request
]]></system-out>
  </testcase>
  <testcase name="getUserSuccess" classname="agreement.rest.mvc.UserControllerTest" time="0.155"/>
  <testcase name="getUserFail" classname="agreement.rest.mvc.UserControllerTest" time="0.053"/>
</testsuite>